<?xml version="1.0" encoding="UTF-8"?>
<testsuite name="com.thoughtworks.addressBook.AddressBookManagerTest" tests="1" skipped="0" failures="0" errors="0" timestamp="2019-09-26T11:50:33" hostname="Sushants-MacBook-Pro.local" time="0.002">
  <properties/>
  <testcase name="giveAFileName_whenCreated_thenReturnTrue" classname="com.thoughtworks.addressBook.AddressBookManagerTest" time="0.002"/>
  <system-out><![CDATA[File is created
]]></system-out>
  <system-err><![CDATA[]]></system-err>
</testsuite>
